--------------------------------------------------------------------------------
Release 14.7 Trace  (nt64)
Copyright (c) 1995-2013 Xilinx, Inc.  All rights reserved.

E:\Xilinx\14.7\ISE_DS\ISE\bin\nt64\unwrapped\trce.exe -intstyle ise -v 3 -s 4
-n 3 -fastpaths -xml TX.twx TX.ncd -o TX.twr TX.pcf -ucf top.ucf

Design file:              TX.ncd
Physical constraint file: TX.pcf
Device,package,speed:     xc3sd1800a,fg676,-4 (PRODUCTION 1.34 2013-10-13)
Report level:             verbose report

Environment Variable      Effect 
--------------------      ------ 
NONE                      No environment variables were set
--------------------------------------------------------------------------------

INFO:Timing:2698 - No timing constraints found, doing default enumeration.
INFO:Timing:3412 - To improve timing, see the Timing Closure User Guide (UG612).
INFO:Timing:2752 - To get complete path coverage, use the unconstrained paths 
   option. All paths that are not constrained will be reported in the 
   unconstrained paths section(s) of the report.
INFO:Timing:3339 - The clock-to-out numbers in this timing report are based on 
   a 50 Ohm transmission line loading model.  For the details of this model, 
   and for more information on accounting for different loading conditions, 
   please see the device datasheet.
INFO:Timing:3390 - This architecture does not support a default System Jitter 
   value, please add SYSTEM_JITTER constraint to the UCF to modify the Clock 
   Uncertainty calculation.
INFO:Timing:3389 - This architecture does not support 'Discrete Jitter' and 
   'Phase Error' calculations, these terms will be zero in the Clock 
   Uncertainty calculation.  Please make appropriate modification to 
   SYSTEM_JITTER to account for the unsupported Discrete Jitter and Phase 
   Error.



Data Sheet report:
-----------------
All values displayed in nanoseconds (ns)

Setup/Hold to clock i_clk
--------------+------------+------------+------------------+--------+
              |Max Setup to|Max Hold to |                  | Clock  |
Source        | clk (edge) | clk (edge) |Internal Clock(s) | Phase  |
--------------+------------+------------+------------------+--------+
i_TX_DV       |    2.935(R)|   -0.514(R)|i_clk_BUFGP       |   0.000|
i_data_byte<0>|    2.356(R)|   -1.120(R)|i_clk_BUFGP       |   0.000|
i_data_byte<1>|    0.446(R)|    0.408(R)|i_clk_BUFGP       |   0.000|
i_data_byte<2>|    3.053(R)|   -1.657(R)|i_clk_BUFGP       |   0.000|
i_data_byte<3>|    0.655(R)|    0.262(R)|i_clk_BUFGP       |   0.000|
i_data_byte<4>|    1.162(R)|   -0.167(R)|i_clk_BUFGP       |   0.000|
i_data_byte<5>|    1.268(R)|   -0.251(R)|i_clk_BUFGP       |   0.000|
i_data_byte<6>|    2.950(R)|   -1.571(R)|i_clk_BUFGP       |   0.000|
i_data_byte<7>|    0.982(R)|    0.005(R)|i_clk_BUFGP       |   0.000|
--------------+------------+------------+------------------+--------+

Clock i_clk to Pad
------------+------------+------------------+--------+
            | clk (edge) |                  | Clock  |
Destination |   to PAD   |Internal Clock(s) | Phase  |
------------+------------+------------------+--------+
o_TX        |   10.508(R)|i_clk_BUFGP       |   0.000|
------------+------------+------------------+--------+

Clock to Setup on destination clock i_clk
---------------+---------+---------+---------+---------+
               | Src:Rise| Src:Fall| Src:Rise| Src:Fall|
Source Clock   |Dest:Rise|Dest:Rise|Dest:Fall|Dest:Fall|
---------------+---------+---------+---------+---------+
i_clk          |    7.156|         |         |         |
---------------+---------+---------+---------+---------+


Analysis completed Thu Jun 03 18:33:51 2021 
--------------------------------------------------------------------------------

Trace Settings:
-------------------------
Trace Settings 

Peak Memory Usage: 4600 MB



