Release 14.7 - xst P.20131013 (nt64)
Copyright (c) 1995-2013 Xilinx, Inc.  All rights reserved.
--> Parameter TMPDIR set to xst/projnav.tmp


Total REAL time to Xst completion: 0.00 secs
Total CPU time to Xst completion: 0.16 secs
 
--> Parameter xsthdpdir set to xst


Total REAL time to Xst completion: 0.00 secs
Total CPU time to Xst completion: 0.16 secs
 
--> Reading design: UART_TX.prj

TABLE OF CONTENTS
  1) Synthesis Options Summary
  2) HDL Compilation
  3) Design Hierarchy Analysis
  4) HDL Analysis
  5) HDL Synthesis
     5.1) HDL Synthesis Report
  6) Advanced HDL Synthesis
     6.1) Advanced HDL Synthesis Report
  7) Low Level Synthesis
  8) Partition Report
  9) Final Report
	9.1) Device utilization summary
	9.2) Partition Resource Summary
	9.3) TIMING REPORT


=========================================================================
*                      Synthesis Options Summary                        *
=========================================================================
---- Source Parameters
Input File Name                    : "UART_TX.prj"
Input Format                       : mixed
Ignore Synthesis Constraint File   : NO

---- Target Parameters
Output File Name                   : "UART_TX"
Output Format                      : NGC
Target Device                      : xc3sd1800a-4-fg676

---- Source Options
Top Module Name                    : UART_TX
Automatic FSM Extraction           : YES
FSM Encoding Algorithm             : Auto
Safe Implementation                : No
FSM Style                          : LUT
RAM Extraction                     : Yes
RAM Style                          : Auto
ROM Extraction                     : Yes
Mux Style                          : Auto
Decoder Extraction                 : YES
Priority Encoder Extraction        : Yes
Shift Register Extraction          : YES
Logical Shifter Extraction         : YES
XOR Collapsing                     : YES
ROM Style                          : Auto
Mux Extraction                     : Yes
Resource Sharing                   : YES
Asynchronous To Synchronous        : NO
Use DSP Block                      : Auto
Automatic Register Balancing       : No

---- Target Options
Add IO Buffers                     : YES
Global Maximum Fanout              : 100000
Add Generic Clock Buffer(BUFG)     : 24
Register Duplication               : YES
Slice Packing                      : YES
Optimize Instantiated Primitives   : NO
Use Clock Enable                   : Yes
Use Synchronous Set                : Yes
Use Synchronous Reset              : Yes
Pack IO Registers into IOBs        : Auto
Equivalent register Removal        : YES

---- General Options
Optimization Goal                  : Speed
Optimization Effort                : 1
Keep Hierarchy                     : No
Netlist Hierarchy                  : As_Optimized
RTL Output                         : Yes
Global Optimization                : AllClockNets
Read Cores                         : YES
Write Timing Constraints           : NO
Cross Clock Analysis               : NO
Hierarchy Separator                : /
Bus Delimiter                      : <>
Case Specifier                     : Maintain
Slice Utilization Ratio            : 100
BRAM Utilization Ratio             : 100
DSP48 Utilization Ratio            : 100
Verilog 2001                       : YES
Auto BRAM Packing                  : NO
Slice Utilization Ratio Delta      : 5

=========================================================================


=========================================================================
*                          HDL Compilation                              *
=========================================================================
Compiling vhdl file "D:/Repos/FPGA/SerialDecoder/TX.vhd" in Library work.
Entity <uart_tx> compiled.
Entity <uart_tx> (Architecture <rtl>) compiled.

=========================================================================
*                     Design Hierarchy Analysis                         *
=========================================================================
Analyzing hierarchy for entity <UART_TX> in library <work> (architecture <rtl>) with generics.
	g_CLKS_PER_BIT = 115


=========================================================================
*                            HDL Analysis                               *
=========================================================================
Analyzing generic Entity <UART_TX> in library <work> (Architecture <rtl>).
	g_CLKS_PER_BIT = 115
Entity <UART_TX> analyzed. Unit <UART_TX> generated.


=========================================================================
*                           HDL Synthesis                               *
=========================================================================

Performing bidirectional port resolution...

Synthesizing Unit <UART_TX>.
    Related source file is "D:/Repos/FPGA/SerialDecoder/TX.vhd".
WARNING:Xst:646 - Signal <r_TX_Done> is assigned but never used. This unconnected signal will be trimmed during the optimization process.
    Found finite state machine <FSM_0> for signal <r_SM_Main>.
    -----------------------------------------------------------------------
    | States             | 5                                              |
    | Transitions        | 10                                             |
    | Inputs             | 3                                              |
    | Outputs            | 5                                              |
    | Clock              | i_clk                     (rising_edge)        |
    | Power Up State     | s_idle                                         |
    | Encoding           | automatic                                      |
    | Implementation     | LUT                                            |
    -----------------------------------------------------------------------
    Found 1-bit register for signal <o_TX>.
    Found 3-bit register for signal <r_Bit_Index>.
    Found 3-bit adder for signal <r_Bit_Index$addsub0000> created at line 96.
    Found 7-bit register for signal <r_Clk_Count>.
    Found 7-bit adder for signal <r_Clk_Count$addsub0000>.
    Found 7-bit comparator less for signal <r_SM_Main$cmp_lt0000> created at line 75.
    Found 3-bit comparator less for signal <r_SM_Main$cmp_lt0001> created at line 95.
    Found 8-bit register for signal <r_TX_Data>.
    Summary:
	inferred   1 Finite State Machine(s).
	inferred  19 D-type flip-flop(s).
	inferred   2 Adder/Subtractor(s).
	inferred   2 Comparator(s).
Unit <UART_TX> synthesized.

INFO:Xst:1767 - HDL ADVISOR - Resource sharing has identified that some arithmetic operations in this design can share the same physical resources for reduced device utilization. For improved clock frequency you may try to disable resource sharing.

=========================================================================
HDL Synthesis Report

Macro Statistics
# Adders/Subtractors                                   : 2
 3-bit adder                                           : 1
 7-bit adder                                           : 1
# Registers                                            : 4
 1-bit register                                        : 1
 3-bit register                                        : 1
 7-bit register                                        : 1
 8-bit register                                        : 1
# Comparators                                          : 2
 3-bit comparator less                                 : 1
 7-bit comparator less                                 : 1

=========================================================================

=========================================================================
*                       Advanced HDL Synthesis                          *
=========================================================================

Analyzing FSM <FSM_0> for best encoding.
Optimizing FSM <r_SM_Main/FSM> on signal <r_SM_Main[1:3]> with gray encoding.
----------------------------
 State          | Encoding
----------------------------
 s_idle         | 000
 s_tx_start_bit | 001
 s_tx_data_bits | 011
 s_tx_stop_bit  | 010
 s_cleanup      | 110
----------------------------

=========================================================================
Advanced HDL Synthesis Report

Macro Statistics
# FSMs                                                 : 1
# Adders/Subtractors                                   : 2
 3-bit adder                                           : 1
 7-bit adder                                           : 1
# Registers                                            : 19
 Flip-Flops                                            : 19
# Comparators                                          : 2
 3-bit comparator less                                 : 1
 7-bit comparator less                                 : 1

=========================================================================

=========================================================================
*                         Low Level Synthesis                           *
=========================================================================

Optimizing unit <UART_TX> ...

Mapping all equations...
Building and optimizing final netlist ...
Found area constraint ratio of 100 (+ 5) on block UART_TX, actual ratio is 0.

Final Macro Processing ...

=========================================================================
Final Register Report

Macro Statistics
# Registers                                            : 22
 Flip-Flops                                            : 22

=========================================================================

=========================================================================
*                           Partition Report                            *
=========================================================================

Partition Implementation Status
-------------------------------

  No Partitions were found in this design.

-------------------------------

=========================================================================
*                            Final Report                               *
=========================================================================
Final Results
RTL Top Level Output File Name     : UART_TX.ngr
Top Level Output File Name         : UART_TX
Output Format                      : NGC
Optimization Goal                  : Speed
Keep Hierarchy                     : No

Design Statistics
# IOs                              : 11

Cell Usage :
# BELS                             : 41
#      LUT2                        : 2
#      LUT2_L                      : 1
#      LUT3                        : 5
#      LUT3_D                      : 2
#      LUT3_L                      : 2
#      LUT4                        : 22
#      LUT4_D                      : 1
#      LUT4_L                      : 3
#      MUXF5                       : 3
# FlipFlops/Latches                : 22
#      FD                          : 12
#      FDE                         : 8
#      FDR                         : 1
#      FDS                         : 1
# Clock Buffers                    : 1
#      BUFGP                       : 1
# IO Buffers                       : 10
#      IBUF                        : 9
#      OBUF                        : 1
=========================================================================

Device utilization summary:
---------------------------

Selected Device : 3sd1800afg676-4 

 Number of Slices:                       20  out of  16640     0%  
 Number of Slice Flip Flops:             22  out of  33280     0%  
 Number of 4 input LUTs:                 38  out of  33280     0%  
 Number of IOs:                          11
 Number of bonded IOBs:                  11  out of    519     2%  
 Number of GCLKs:                         1  out of     24     4%  

---------------------------
Partition Resource Summary:
---------------------------

  No Partitions were found in this design.

---------------------------


=========================================================================
TIMING REPORT

NOTE: THESE TIMING NUMBERS ARE ONLY A SYNTHESIS ESTIMATE.
      FOR ACCURATE TIMING INFORMATION PLEASE REFER TO THE TRACE REPORT
      GENERATED AFTER PLACE-and-ROUTE.

Clock Information:
------------------
-----------------------------------+------------------------+-------+
Clock Signal                       | Clock buffer(FF name)  | Load  |
-----------------------------------+------------------------+-------+
i_clk                              | BUFGP                  | 22    |
-----------------------------------+------------------------+-------+

Asynchronous Control Signals Information:
----------------------------------------
No asynchronous control signals found in this design

Timing Summary:
---------------
Speed Grade: -4

   Minimum period: 5.142ns (Maximum Frequency: 194.477MHz)
   Minimum input arrival time before clock: 3.439ns
   Maximum output required time after clock: 5.558ns
   Maximum combinational path delay: No path found

Timing Detail:
--------------
All values displayed in nanoseconds (ns)

=========================================================================
Timing constraint: Default period analysis for Clock 'i_clk'
  Clock period: 5.142ns (frequency: 194.477MHz)
  Total number of paths / destination ports: 256 / 24
-------------------------------------------------------------------------
Delay:               5.142ns (Levels of Logic = 4)
  Source:            r_SM_Main_FSM_FFd2 (FF)
  Destination:       r_Clk_Count_2 (FF)
  Source Clock:      i_clk rising
  Destination Clock: i_clk rising

  Data Path: r_SM_Main_FSM_FFd2 to r_Clk_Count_2
                                Gate     Net
    Cell:in->out      fanout   Delay   Delay  Logical Name (Net Name)
    ----------------------------------------  ------------
     FD:C->Q              15   0.591   1.020  r_SM_Main_FSM_FFd2 (r_SM_Main_FSM_FFd2)
     LUT4:I3->O            1   0.648   0.000  r_SM_Main_cmp_lt00001_SW2_F (N26)
     MUXF5:I0->O           1   0.276   0.423  r_SM_Main_cmp_lt00001_SW2 (N24)
     LUT4_D:I3->O          5   0.648   0.636  r_Clk_Count_mux0000<0>11 (N11)
     LUT4:I3->O            1   0.648   0.000  r_Clk_Count_mux0000<3>1 (r_Clk_Count_mux0000<3>)
     FD:D                      0.252          r_Clk_Count_3
    ----------------------------------------
    Total                      5.142ns (3.063ns logic, 2.079ns route)
                                       (59.6% logic, 40.4% route)

=========================================================================
Timing constraint: Default OFFSET IN BEFORE for Clock 'i_clk'
  Total number of paths / destination ports: 17 / 17
-------------------------------------------------------------------------
Offset:              3.439ns (Levels of Logic = 3)
  Source:            i_TX_DV (PAD)
  Destination:       r_SM_Main_FSM_FFd3 (FF)
  Destination Clock: i_clk rising

  Data Path: i_TX_DV to r_SM_Main_FSM_FFd3
                                Gate     Net
    Cell:in->out      fanout   Delay   Delay  Logical Name (Net Name)
    ----------------------------------------  ------------
     IBUF:I->O             2   0.849   0.590  i_TX_DV_IBUF (i_TX_DV_IBUF)
     LUT2:I0->O            1   0.648   0.452  r_SM_Main_FSM_FFd3-In_SW0 (N01)
     LUT4:I2->O            1   0.648   0.000  r_SM_Main_FSM_FFd3-In (r_SM_Main_FSM_FFd3-In)
     FD:D                      0.252          r_SM_Main_FSM_FFd3
    ----------------------------------------
    Total                      3.439ns (2.397ns logic, 1.042ns route)
                                       (69.7% logic, 30.3% route)

=========================================================================
Timing constraint: Default OFFSET OUT AFTER for Clock 'i_clk'
  Total number of paths / destination ports: 1 / 1
-------------------------------------------------------------------------
Offset:              5.558ns (Levels of Logic = 1)
  Source:            o_TX (FF)
  Destination:       o_TX (PAD)
  Source Clock:      i_clk rising

  Data Path: o_TX to o_TX
                                Gate     Net
    Cell:in->out      fanout   Delay   Delay  Logical Name (Net Name)
    ----------------------------------------  ------------
     FDS:C->Q              2   0.591   0.447  o_TX (o_TX_OBUF)
     OBUF:I->O                 4.520          o_TX_OBUF (o_TX)
    ----------------------------------------
    Total                      5.558ns (5.111ns logic, 0.447ns route)
                                       (92.0% logic, 8.0% route)

=========================================================================


Total REAL time to Xst completion: 9.00 secs
Total CPU time to Xst completion: 8.78 secs
 
--> 

Total memory usage is 4513844 kilobytes

Number of errors   :    0 (   0 filtered)
Number of warnings :    1 (   0 filtered)
Number of infos    :    1 (   0 filtered)

